\BOOKMARK [1][-]{section.1}{Introduction}{}% 1
\BOOKMARK [1][-]{section.2}{Model}{}% 2
\BOOKMARK [2][-]{subsection.2.1}{Notation}{section.2}% 3
\BOOKMARK [2][-]{subsection.2.2}{Input}{section.2}% 4
\BOOKMARK [2][-]{subsection.2.3}{Modeling a single electrode recording}{section.2}% 5
\BOOKMARK [2][-]{subsection.2.4}{Completely random measures \(CRMs\)}{section.2}% 6
\BOOKMARK [2][-]{subsection.2.5}{A discrete-time approximation}{section.2}% 7
\BOOKMARK [2][-]{subsection.2.6}{Correlations in time and across electrodes}{section.2}% 8
\BOOKMARK [1][-]{section.3}{Inference}{}% 9
\BOOKMARK [1][-]{section.4}{Experiments}{}% 10
\BOOKMARK [2][-]{subsection.4.1}{Data}{section.4}% 11
\BOOKMARK [2][-]{subsection.4.2}{Bake-off!}{section.4}% 12
\BOOKMARK [2][-]{subsection.4.3}{Performance on partial ground truth data}{section.4}% 13
\BOOKMARK [2][-]{subsection.4.4}{Overlapping Spike Detection}{section.4}% 14
\BOOKMARK [2][-]{subsection.4.5}{Time-Varying Waveform Adaptation}{section.4}% 15
\BOOKMARK [2][-]{subsection.4.6}{Multielectrode Array}{section.4}% 16
\BOOKMARK [2][-]{subsection.4.7}{Limitations of Dictionary-Based Techniques}{section.4}% 17
\BOOKMARK [1][-]{section.5}{Discussion}{}% 18
\BOOKMARK [1][-]{section.6}{comments}{}% 19
\BOOKMARK [1][-]{section.A}{Supplementary Text}{}% 20
\BOOKMARK [1][-]{section.B}{Supplementary Figures}{}% 21
